2016-05-11 00:01:02:  ---  ######## CLEAN UP IN PROGRESS ########
2016-05-11 00:01:14:  ---  Successfully unbinded "event-service-redis" from "test-app"
2016-05-11 00:01:16:  ---  Failed to delete. predix-node-js-starter-anshulbakliwal might not exist
2016-05-11 00:01:28:  ---  Successfully unbinded "ie-traffic-service" from "test-app"
2016-05-11 00:01:29:  ---  Failed to delete. predix-node-js-starter-anshulbakliwal might not exist
2016-05-11 00:01:47:  ---  Successfully unbinded "ie-predix-uaa" from "test-app"
2016-05-11 00:01:48:  ---  Failed to delete. predix-node-js-starter-anshulbakliwal might not exist
2016-05-11 00:01:50:  ---  Successfully deleted "predix-node-js-starter-anshulbakliwal"
2016-05-11 00:01:54:  ---  Successfully deleted "test-app"
2016-05-11 00:02:01:  ---  Successfully deleted "ie-predix-uaa"
2016-05-11 00:02:06:  ---  Successfully deleted "event-service-redis"
2016-05-11 00:02:28:  ---  Successfully deleted "ie-traffic-service"
2016-05-11 00:02:28:  ---  ######## CLEAN UP COMPLETE ########
2016-05-11 00:02:57:  ---  UAA Service instance successfully created!
2016-05-11 00:03:16:  ---  Temp app successfully pushed to CloudFoundry!
2016-05-11 00:03:20:  ---  UAA instance successfully binded to TEMP_APP!
2016-05-11 00:03:23:  ---  trustedIssuerID copied from enviromental variables!
2016-05-11 00:03:25:  ---  UAA URL copied from enviromental variables!
2016-05-11 00:03:31:  ---  Redis Service instance successfully created!
2016-05-11 00:03:36:  ---  Redis instance successfully binded to TEMP_APP!
2016-05-11 00:03:38:  ---  REDIS_ZONE_ID copied from enviromental variables!
2016-05-11 00:03:41:  ---   REDIS_INGEST_URI copied from enviromental variables!
2016-05-11 00:03:43:  ---  REDIS_QUERY_URI copied from enviromental variables!
2016-05-11 00:03:50:  ---  IE Service instance successfully created!
2016-05-11 00:03:55:  ---  IE instance successfully binded to test-app!
2016-05-11 00:03:57:  ---  IE_ZONE_ID copied from environment variables!
2016-05-11 00:03:57:  ---  Making CURL GET request to get UAA Admin Token...
2016-05-11 00:03:59:  ---  Got UAA admin token
2016-05-11 00:03:59:  ---  Making CURL GET request to create UAA Client ID "ui_client1"...
2016-05-11 00:04:01:  ---  Successfully created new Client ID: "ui_client1"
2016-05-11 00:04:01:  ---  Making CURL GET request to get UAA Admin Token...
2016-05-11 00:04:02:  ---  Got UAA admin token
2016-05-11 00:04:02:  ---  Making CURL GET request to create UAA user "hacker1"...
2016-05-11 00:04:07:  ---  Successfully created new UAA User: "hacker1"
2016-05-11 00:04:09:  ---  ieURI copied from environment variables!
2016-05-11 00:08:41:  ---  ######## CLEAN UP IN PROGRESS ########
2016-05-11 00:08:53:  ---  Successfully unbinded "event-service-redis" from "test-app"
2016-05-11 00:08:54:  ---  Failed to delete. predix-node-js-starter-anshulbakliwal might not exist
2016-05-11 00:09:06:  ---  Successfully unbinded "ie-traffic-service" from "test-app"
2016-05-11 00:09:07:  ---  Failed to delete. predix-node-js-starter-anshulbakliwal might not exist
2016-05-11 00:09:25:  ---  Successfully unbinded "ie-predix-uaa" from "test-app"
2016-05-11 00:09:26:  ---  Failed to delete. predix-node-js-starter-anshulbakliwal might not exist
2016-05-11 00:09:27:  ---  Successfully deleted "predix-node-js-starter-anshulbakliwal"
2016-05-11 00:09:32:  ---  Successfully deleted "test-app"
2016-05-11 00:09:39:  ---  Successfully deleted "ie-predix-uaa"
2016-05-11 00:09:44:  ---  Successfully deleted "event-service-redis"
2016-05-11 00:09:48:  ---  Successfully deleted "ie-traffic-service"
2016-05-11 00:09:48:  ---  ######## CLEAN UP COMPLETE ########
2016-05-11 00:10:53:  ---  UAA Service instance successfully created!
2016-05-11 00:11:11:  ---  Temp app successfully pushed to CloudFoundry!
2016-05-11 00:11:17:  ---  UAA instance successfully binded to TEMP_APP!
2016-05-11 00:11:19:  ---  trustedIssuerID copied from enviromental variables!
2016-05-11 00:11:22:  ---  UAA URL copied from enviromental variables!
2016-05-11 00:11:28:  ---  Redis Service instance successfully created!
2016-05-11 00:11:33:  ---  Redis instance successfully binded to TEMP_APP!
2016-05-11 00:11:35:  ---  REDIS_ZONE_ID copied from enviromental variables!
2016-05-11 00:11:38:  ---   REDIS_INGEST_URI copied from enviromental variables!
2016-05-11 00:11:41:  ---  REDIS_QUERY_URI copied from enviromental variables!
2016-05-11 00:11:46:  ---  IE Service instance successfully created!
2016-05-11 00:11:52:  ---  IE instance successfully binded to test-app!
2016-05-11 00:11:54:  ---  IE_ZONE_ID copied from environment variables!
2016-05-11 00:11:54:  ---  Making CURL GET request to get UAA Admin Token...
2016-05-11 00:11:56:  ---  Got UAA admin token
2016-05-11 00:11:56:  ---  Making CURL GET request to create UAA Client ID "ui_client1"...
2016-05-11 00:11:57:  ---  Successfully created new Client ID: "ui_client1"
2016-05-11 00:11:57:  ---  Making CURL GET request to get UAA Admin Token...
2016-05-11 00:11:59:  ---  Got UAA admin token
2016-05-11 00:11:59:  ---  Making CURL GET request to create UAA user "hacker1"...
2016-05-11 00:12:05:  ---  Successfully created new UAA User: "hacker1"
2016-05-11 00:12:07:  ---  ieURI copied from environment variables!
2016-05-11 01:25:33:  ---  ######## CLEAN UP IN PROGRESS ########
2016-05-11 01:25:46:  ---  Successfully unbinded "event-service-redis" from "test-app"
2016-05-11 01:25:47:  ---  Failed to delete. predix-node-js-starter-anshulbakliwal might not exist
2016-05-11 01:25:53:  ---  Successfully unbinded "ie-traffic-service" from "test-app"
2016-05-11 01:25:54:  ---  Failed to delete. predix-node-js-starter-anshulbakliwal might not exist
2016-05-11 01:26:06:  ---  Successfully unbinded "ie-predix-uaa" from "test-app"
2016-05-11 01:26:08:  ---  Failed to delete. predix-node-js-starter-anshulbakliwal might not exist
2016-05-11 01:26:09:  ---  Successfully deleted "predix-node-js-starter-anshulbakliwal"
2016-05-11 01:26:13:  ---  Successfully deleted "test-app"
2016-05-11 01:26:15:  ---  Failed to delete "ie-predix-uaa". Retrying...
2016-05-11 01:26:16:  ---  Successfully deleted "ie-predix-uaa"
2016-05-11 01:26:19:  ---  Failed to delete "event-service-redis". Retrying...
2016-05-11 01:26:20:  ---  Successfully deleted "event-service-redis"
2016-05-11 01:26:23:  ---  Failed to delete "ie-traffic-service". Retrying...
2016-05-11 01:26:24:  ---  Successfully deleted "ie-traffic-service"
2016-05-11 01:26:24:  ---  ######## CLEAN UP COMPLETE ########
2016-05-11 01:26:45:  ---  ######## CLEAN UP IN PROGRESS ########
2016-05-11 01:26:46:  ---  Failed to delete. test-app might not exist
2016-05-11 01:26:47:  ---  Failed to delete. predix-node-js-starter-anshulbakliwal might not exist
2016-05-11 01:26:48:  ---  Failed to delete. test-app might not exist
2016-05-11 01:26:49:  ---  Failed to delete. predix-node-js-starter-anshulbakliwal might not exist
2016-05-11 01:26:50:  ---  Failed to delete. test-app might not exist
2016-05-11 01:26:52:  ---  Failed to delete. predix-node-js-starter-anshulbakliwal might not exist
2016-05-11 01:26:53:  ---  Successfully deleted "predix-node-js-starter-anshulbakliwal"
2016-05-11 01:26:54:  ---  Successfully deleted "test-app"
2016-05-11 01:26:59:  ---  Successfully deleted "ie-predix-uaa"
2016-05-11 01:27:03:  ---  Successfully deleted "event-service-redis"
2016-05-11 01:27:08:  ---  Successfully deleted "ie-traffic-service"
2016-05-11 01:27:08:  ---  ######## CLEAN UP COMPLETE ########
2016-05-11 01:27:53:  ---  UAA Service instance successfully created!
2016-05-11 01:29:29:  --- ERROR: There was an error pushing the TEMP_APP to CloudFoundry...
2016-05-11 01:29:29:  --- Running the clean up script... There was an error pushing the TEMP_APP to CloudFoundry...
2016-05-11 01:29:30:  ---  ######## CLEAN UP IN PROGRESS ########
2016-05-11 01:29:32:  ---  Failed to delete. test-app might not exist
2016-05-11 01:29:33:  ---  Failed to delete. predix-node-js-starter-anshulbakliwal might not exist
2016-05-11 01:29:35:  ---  Failed to delete. test-app might not exist
2016-05-11 01:29:36:  ---  Failed to delete. predix-node-js-starter-anshulbakliwal might not exist
2016-05-11 01:29:40:  ---  Successfully unbinded "ie-predix-uaa" from "test-app"
2016-05-11 01:29:41:  ---  Failed to delete. predix-node-js-starter-anshulbakliwal might not exist
2016-05-11 01:29:42:  ---  Successfully deleted "predix-node-js-starter-anshulbakliwal"
2016-05-11 01:29:47:  ---  Successfully deleted "test-app"
2016-05-11 01:29:51:  ---  Successfully deleted "ie-predix-uaa"
2016-05-11 01:29:52:  ---  Successfully deleted "event-service-redis"
2016-05-11 01:29:53:  ---  Successfully deleted "ie-traffic-service"
2016-05-11 01:29:53:  ---  ######## CLEAN UP COMPLETE ########
2016-05-11 01:31:10:  ---  Couldn't create UAA service. Retrying...
2016-05-11 01:31:16:  ---  UAA Service instance successfully created!
2016-05-11 01:31:26 : --- Ctrl-C caught...exiting script
2016-05-11 01:31:30:  ---  ######## CLEAN UP IN PROGRESS ########
2016-05-11 01:31:33:  ---  Failed to delete. test-app might not exist
2016-05-11 01:31:34:  ---  Failed to delete. predix-node-js-starter-anshulbakliwal might not exist
2016-05-11 01:31:36:  ---  Failed to delete. test-app might not exist
2016-05-11 01:31:37:  ---  Failed to delete. predix-node-js-starter-anshulbakliwal might not exist
2016-05-11 01:31:41:  ---  Successfully unbinded "ie-predix-uaa" from "test-app"
2016-05-11 01:31:42:  ---  Failed to delete. predix-node-js-starter-anshulbakliwal might not exist
2016-05-11 01:31:43:  ---  Successfully deleted "predix-node-js-starter-anshulbakliwal"
2016-05-11 01:31:48:  ---  Successfully deleted "test-app"
2016-05-11 01:31:53:  ---  Successfully deleted "ie-predix-uaa"
2016-05-11 01:31:54:  ---  Successfully deleted "event-service-redis"
2016-05-11 01:31:55:  ---  Successfully deleted "ie-traffic-service"
2016-05-11 01:31:55:  ---  ######## CLEAN UP COMPLETE ########
2016-05-11 01:32:39:  ---  UAA Service instance successfully created!
2016-05-11 01:33:43 : --- Ctrl-C caught...exiting script
2016-05-11 01:34:32:  ---  UAA Service instance successfully created!
2016-05-11 01:36:05:  --- ERROR: There was an error pushing the TEMP_APP to CloudFoundry...
2016-05-11 01:36:05:  --- Running the clean up script... There was an error pushing the TEMP_APP to CloudFoundry...
2016-05-11 01:36:05:  ---  ######## CLEAN UP IN PROGRESS ########
2016-05-11 01:36:08:  ---  Failed to delete. test-app might not exist
2016-05-11 01:36:10:  ---  Failed to delete. predix-node-js-starter-anshulbakliwal might not exist
2016-05-11 01:36:12:  ---  Failed to delete. test-app might not exist
2016-05-11 01:36:13:  ---  Failed to delete. predix-node-js-starter-anshulbakliwal might not exist
2016-05-11 01:36:17:  ---  Successfully unbinded "ie-predix-uaa" from "test-app"
2016-05-11 01:36:19:  ---  Failed to delete. predix-node-js-starter-anshulbakliwal might not exist
2016-05-11 01:36:20:  ---  Successfully deleted "predix-node-js-starter-anshulbakliwal"
2016-05-11 01:36:24:  ---  Successfully deleted "test-app"
2016-05-11 01:36:29:  ---  Successfully deleted "ie-predix-uaa"
2016-05-11 01:36:30:  ---  Successfully deleted "event-service-redis"
2016-05-11 01:36:31:  ---  Successfully deleted "ie-traffic-service"
2016-05-11 01:36:31:  ---  ######## CLEAN UP COMPLETE ########
2016-05-11 01:36:58:  ---  UAA Service instance successfully created!
2016-05-11 01:38:38:  --- ERROR: There was an error pushing the TEMP_APP to CloudFoundry...
2016-05-11 01:38:38:  --- Running the clean up script... There was an error pushing the TEMP_APP to CloudFoundry...
2016-05-11 01:38:38:  ---  ######## CLEAN UP IN PROGRESS ########
2016-05-11 01:38:40:  ---  Failed to delete. test-app might not exist
2016-05-11 01:38:41:  ---  Failed to delete. predix-node-js-starter-anshulbakliwal might not exist
2016-05-11 01:38:44:  ---  Failed to delete. test-app might not exist
2016-05-11 01:38:45:  ---  Failed to delete. predix-node-js-starter-anshulbakliwal might not exist
2016-05-11 01:38:48:  ---  Successfully unbinded "ie-predix-uaa" from "test-app"
2016-05-11 01:38:49:  ---  Failed to delete. predix-node-js-starter-anshulbakliwal might not exist
2016-05-11 01:38:50:  ---  Successfully deleted "predix-node-js-starter-anshulbakliwal"
2016-05-11 01:38:54:  ---  Successfully deleted "test-app"
2016-05-11 01:38:59:  ---  Successfully deleted "ie-predix-uaa"
2016-05-11 01:39:00:  ---  Successfully deleted "event-service-redis"
2016-05-11 01:39:01:  ---  Successfully deleted "ie-traffic-service"
2016-05-11 01:39:01:  ---  ######## CLEAN UP COMPLETE ########
2016-05-11 01:39:39:  ---  UAA Service instance successfully created!
2016-05-11 01:41:10:  --- ERROR: There was an error pushing the TEMP_APP to CloudFoundry...
2016-05-11 01:41:10:  --- Running the clean up script... There was an error pushing the TEMP_APP to CloudFoundry...
2016-05-11 01:41:11:  ---  ######## CLEAN UP IN PROGRESS ########
2016-05-11 01:41:13:  ---  Failed to delete. test-app might not exist
2016-05-11 01:41:14:  ---  Failed to delete. predix-node-js-starter-anshulbakliwal might not exist
2016-05-11 01:41:16:  ---  Failed to delete. test-app might not exist
2016-05-11 01:41:17:  ---  Failed to delete. predix-node-js-starter-anshulbakliwal might not exist
2016-05-11 01:41:21:  ---  Successfully unbinded "ie-predix-uaa" from "test-app"
2016-05-11 01:41:22:  ---  Failed to delete. predix-node-js-starter-anshulbakliwal might not exist
2016-05-11 01:41:23:  ---  Successfully deleted "predix-node-js-starter-anshulbakliwal"
2016-05-11 01:41:28:  ---  Successfully deleted "test-app"
2016-05-11 01:41:32:  ---  Successfully deleted "ie-predix-uaa"
2016-05-11 01:41:33:  ---  Successfully deleted "event-service-redis"
2016-05-11 01:41:35:  ---  Successfully deleted "ie-traffic-service"
2016-05-11 01:41:35:  ---  ######## CLEAN UP COMPLETE ########
2016-05-11 01:41:52:  ---  UAA Service instance successfully created!
2016-05-11 01:43:24:  --- ERROR: There was an error pushing the TEMP_APP to CloudFoundry...
2016-05-11 01:43:24:  --- Running the clean up script... There was an error pushing the TEMP_APP to CloudFoundry...
2016-05-11 01:43:24:  ---  ######## CLEAN UP IN PROGRESS ########
2016-05-11 01:43:26:  ---  Failed to delete. test-app might not exist
2016-05-11 01:43:27:  ---  Failed to delete. predix-node-js-starter-anshulbakliwal might not exist
2016-05-11 01:43:29:  ---  Failed to delete. test-app might not exist
2016-05-11 01:43:30:  ---  Failed to delete. predix-node-js-starter-anshulbakliwal might not exist
2016-05-11 01:43:34:  ---  Successfully unbinded "ie-predix-uaa" from "test-app"
2016-05-11 01:43:35:  ---  Failed to delete. predix-node-js-starter-anshulbakliwal might not exist
2016-05-11 01:43:36:  ---  Successfully deleted "predix-node-js-starter-anshulbakliwal"
2016-05-11 01:43:40:  ---  Successfully deleted "test-app"
2016-05-11 01:43:46:  ---  Successfully deleted "ie-predix-uaa"
2016-05-11 01:43:47:  ---  Successfully deleted "event-service-redis"
2016-05-11 01:43:48:  ---  Successfully deleted "ie-traffic-service"
2016-05-11 01:43:48:  ---  ######## CLEAN UP COMPLETE ########
2016-05-11 01:45:34:  ---  UAA Service instance successfully created!
2016-05-11 01:47:05:  --- ERROR: There was an error pushing the TEMP_APP to CloudFoundry...
2016-05-11 01:47:05:  --- Running the clean up script... There was an error pushing the TEMP_APP to CloudFoundry...
2016-05-11 01:47:05:  ---  ######## CLEAN UP IN PROGRESS ########
2016-05-11 01:47:07:  ---  Failed to delete. test-app might not exist
2016-05-11 01:47:08:  ---  Failed to delete. predix-node-js-starter-anshulbakliwal might not exist
2016-05-11 01:47:11:  ---  Failed to delete. test-app might not exist
2016-05-11 01:47:12:  ---  Failed to delete. predix-node-js-starter-anshulbakliwal might not exist
2016-05-11 01:47:15:  ---  Successfully unbinded "ie-predix-uaa" from "test-app"
2016-05-11 01:47:16:  ---  Failed to delete. predix-node-js-starter-anshulbakliwal might not exist
2016-05-11 01:47:17:  ---  Successfully deleted "predix-node-js-starter-anshulbakliwal"
2016-05-11 01:47:28:  ---  Successfully deleted "test-app"
2016-05-11 01:47:38:  ---  Successfully deleted "ie-predix-uaa"
2016-05-11 01:47:40:  ---  Successfully deleted "event-service-redis"
2016-05-11 01:47:41:  ---  Successfully deleted "ie-traffic-service"
2016-05-11 01:47:41:  ---  ######## CLEAN UP COMPLETE ########
2016-05-11 01:49:01:  ---  UAA Service instance successfully created!
2016-05-11 01:54:23 : --- Ctrl-C caught...exiting script
2016-05-11 01:54:45:  ---  ######## CLEAN UP IN PROGRESS ########
2016-05-11 01:54:47:  ---  Failed to delete. test-app might not exist
2016-05-11 01:54:49:  ---  Failed to delete. predix-node-js-starter-anshulbakliwal might not exist
2016-05-11 01:54:51:  ---  Failed to delete. test-app might not exist
2016-05-11 01:54:52:  ---  Failed to delete. predix-node-js-starter-anshulbakliwal might not exist
2016-05-11 01:54:55:  ---  Successfully unbinded "ie-predix-uaa" from "test-app"
2016-05-11 01:54:57:  ---  Failed to delete. predix-node-js-starter-anshulbakliwal might not exist
2016-05-11 01:54:58:  ---  Successfully deleted "predix-node-js-starter-anshulbakliwal"
2016-05-11 01:55:02:  ---  Successfully deleted "test-app"
2016-05-11 01:55:07:  ---  Successfully deleted "ie-predix-uaa"
2016-05-11 01:55:08:  ---  Successfully deleted "event-service-redis"
2016-05-11 01:55:09:  ---  Successfully deleted "ie-traffic-service"
2016-05-11 01:55:09:  ---  ######## CLEAN UP COMPLETE ########
2016-05-11 01:55:48:  ---  UAA Service instance successfully created!
2016-05-11 01:57:17 : --- Ctrl-C caught...exiting script
2016-05-11 01:58:00:  ---  ######## CLEAN UP IN PROGRESS ########
2016-05-11 01:58:03:  ---  Failed to delete. test-app might not exist
2016-05-11 01:58:04:  ---  Failed to delete. predix-node-js-starter-anshulbakliwal might not exist
2016-05-11 01:58:06:  ---  Failed to delete. test-app might not exist
2016-05-11 01:58:07:  ---  Failed to delete. predix-node-js-starter-anshulbakliwal might not exist
2016-05-11 01:58:11:  ---  Successfully unbinded "ie-predix-uaa" from "test-app"
2016-05-11 01:58:12:  ---  Failed to delete. predix-node-js-starter-anshulbakliwal might not exist
2016-05-11 01:58:13:  ---  Successfully deleted "predix-node-js-starter-anshulbakliwal"
2016-05-11 01:58:23:  ---  Successfully deleted "test-app"
2016-05-11 01:58:28:  ---  Successfully deleted "ie-predix-uaa"
2016-05-11 01:58:29:  ---  Successfully deleted "event-service-redis"
2016-05-11 01:58:30:  ---  Successfully deleted "ie-traffic-service"
2016-05-11 01:58:30:  ---  ######## CLEAN UP COMPLETE ########
2016-05-11 01:58:44:  ---  UAA Service instance successfully created!
2016-05-11 02:00:42:  ---  Temp app successfully pushed to CloudFoundry!
2016-05-11 02:00:48:  ---  UAA instance successfully binded to TEMP_APP!
2016-05-11 02:00:50:  ---  trustedIssuerID copied from enviromental variables!
2016-05-11 02:00:53:  ---  UAA URL copied from enviromental variables!
2016-05-11 02:00:59:  ---  Redis Service instance successfully created!
2016-05-11 02:01:04:  ---  Redis instance successfully binded to TEMP_APP!
2016-05-11 02:01:07:  ---  REDIS_ZONE_ID copied from enviromental variables!
2016-05-11 02:01:09:  ---   REDIS_INGEST_URI copied from enviromental variables!
2016-05-11 02:01:12:  ---  REDIS_QUERY_URI copied from enviromental variables!
2016-05-11 02:01:17:  ---  IE Service instance successfully created!
2016-05-11 02:01:22:  ---  IE instance successfully binded to test-app!
2016-05-11 02:01:25:  ---  IE_ZONE_ID copied from environment variables!
2016-05-11 02:01:25:  ---  Making CURL GET request to get UAA Admin Token...
2016-05-11 02:01:26:  ---  Got UAA admin token
2016-05-11 02:01:26:  ---  Making CURL GET request to create UAA Client ID "ui_client1"...
2016-05-11 02:01:28:  ---  Successfully created new Client ID: "ui_client1"
2016-05-11 02:01:28:  ---  Making CURL GET request to get UAA Admin Token...
2016-05-11 02:01:30:  ---  Got UAA admin token
2016-05-11 02:01:30:  ---  Making CURL GET request to create UAA user "hacker1"...
2016-05-11 02:01:38:  ---  Successfully created new UAA User: "hacker1"
2016-05-11 02:01:40:  ---  ieURI copied from environment variables!
2016-05-11 02:03:13:  ---  ######## CLEAN UP IN PROGRESS ########
2016-05-11 02:03:20:  ---  Successfully unbinded "event-service-redis" from "test-app"
2016-05-11 02:03:21:  ---  Failed to delete. predix-node-js-starter-anshulbakliwal might not exist
2016-05-11 02:03:33:  ---  Successfully unbinded "ie-traffic-service" from "test-app"
2016-05-11 02:03:34:  ---  Failed to delete. predix-node-js-starter-anshulbakliwal might not exist
2016-05-11 02:03:47:  ---  Successfully unbinded "ie-predix-uaa" from "test-app"
2016-05-11 02:03:49:  ---  Failed to delete. predix-node-js-starter-anshulbakliwal might not exist
2016-05-11 02:03:50:  ---  Successfully deleted "predix-node-js-starter-anshulbakliwal"
2016-05-11 02:03:54:  ---  Successfully deleted "test-app"
2016-05-11 02:03:59:  ---  Successfully deleted "ie-predix-uaa"
2016-05-11 02:04:03:  ---  Successfully deleted "event-service-redis"
2016-05-11 02:04:08:  ---  Successfully deleted "ie-traffic-service"
2016-05-11 02:04:08:  ---  ######## CLEAN UP COMPLETE ########
2016-05-11 02:05:20:  ---  UAA Service instance successfully created!
2016-05-11 02:05:40:  ---  Temp app successfully pushed to CloudFoundry!
2016-05-11 02:05:45:  ---  UAA instance successfully binded to TEMP_APP!
2016-05-11 02:05:47:  ---  trustedIssuerID copied from enviromental variables!
2016-05-11 02:05:49:  ---  UAA URL copied from enviromental variables!
2016-05-11 02:05:55:  ---  Redis Service instance successfully created!
2016-05-11 02:06:00:  ---  Redis instance successfully binded to TEMP_APP!
2016-05-11 02:06:03:  ---  REDIS_ZONE_ID copied from enviromental variables!
2016-05-11 02:06:05:  ---   REDIS_INGEST_URI copied from enviromental variables!
2016-05-11 02:06:07:  ---  REDIS_QUERY_URI copied from enviromental variables!
2016-05-11 02:06:13:  ---  IE Service instance successfully created!
2016-05-11 02:06:18:  ---  IE instance successfully binded to test-app!
2016-05-11 02:06:21:  ---  IE_ZONE_ID copied from environment variables!
2016-05-11 02:06:21:  ---  Making CURL GET request to get UAA Admin Token...
2016-05-11 02:06:22:  ---  Got UAA admin token
2016-05-11 02:06:22:  ---  Making CURL GET request to create UAA Client ID "ui_client1"...
2016-05-11 02:06:24:  ---  Successfully created new Client ID: "ui_client1"
2016-05-11 02:06:24:  ---  Making CURL GET request to get UAA Admin Token...
2016-05-11 02:06:26:  ---  Got UAA admin token
2016-05-11 02:06:26:  ---  Making CURL GET request to create UAA user "hacker1"...
2016-05-11 02:06:31:  ---  Successfully created new UAA User: "hacker1"
2016-05-11 02:06:33:  ---  ieURI copied from environment variables!
